2017-12-13 12:02:15,405 登录成功！ 50 CRITICAL E:\Python\Python\模块二\homework\ATMofCart\module\Logs.py Logs.py Logs __write 51 登录成功！
2017-12-13 12:02:15,405 登录成功！ 30 WARNING E:\Python\Python\模块二\homework\ATMofCart\module\Logs.py Logs.py Logs __write 52 登录成功！
2017-12-13 12:02:15,405 登录成功！ 40 ERROR E:\Python\Python\模块二\homework\ATMofCart\module\Logs.py Logs.py Logs __write 53 登录成功！
2017-12-13 12:02:15,405 登录成功！ 20 INFO E:\Python\Python\模块二\homework\ATMofCart\module\Logs.py Logs.py Logs __write 55 登录成功！
2017-12-13 12:05:36,119 用户名不存在！ 50 CRITICAL E:\Python\Python\模块二\homework\ATMofCart\module\Logs.py Logs.py Logs __write 51 用户名不存在！
2017-12-13 12:05:36,119 用户名不存在！ 30 WARNING E:\Python\Python\模块二\homework\ATMofCart\module\Logs.py Logs.py Logs __write 52 用户名不存在！
2017-12-13 12:05:36,119 用户名不存在！ 40 ERROR E:\Python\Python\模块二\homework\ATMofCart\module\Logs.py Logs.py Logs __write 53 用户名不存在！
2017-12-13 12:05:36,119 用户名不存在！ 20 INFO E:\Python\Python\模块二\homework\ATMofCart\module\Logs.py Logs.py Logs __write 55 用户名不存在！
2017-12-13 21:40:10,278 登录成功！ 50 CRITICAL E:\Python\Python\模块二\homework\ATMofCart\module\Logs.py Logs.py Logs __write 51 登录成功！
2017-12-13 21:40:10,280 登录成功！ 30 WARNING E:\Python\Python\模块二\homework\ATMofCart\module\Logs.py Logs.py Logs __write 52 登录成功！
2017-12-13 21:40:10,280 登录成功！ 40 ERROR E:\Python\Python\模块二\homework\ATMofCart\module\Logs.py Logs.py Logs __write 53 登录成功！
2017-12-13 21:40:10,280 登录成功！ 20 INFO E:\Python\Python\模块二\homework\ATMofCart\module\Logs.py Logs.py Logs __write 55 登录成功！
2017-12-13 21:54:21,173 登录成功！ 50 CRITICAL E:\Python\Python\模块二\homework\ATMofCart\module\Logs.py Logs.py Logs __write 51 登录成功！
2017-12-13 21:54:21,173 登录成功！ 30 WARNING E:\Python\Python\模块二\homework\ATMofCart\module\Logs.py Logs.py Logs __write 52 登录成功！
2017-12-13 21:54:21,174 登录成功！ 40 ERROR E:\Python\Python\模块二\homework\ATMofCart\module\Logs.py Logs.py Logs __write 53 登录成功！
2017-12-13 21:54:21,174 登录成功！ 20 INFO E:\Python\Python\模块二\homework\ATMofCart\module\Logs.py Logs.py Logs __write 55 登录成功！
2017-12-13 21:58:54,099 登录成功！ 50 CRITICAL E:\Python\Python\模块二\homework\ATMofCart\module\Logs.py Logs.py Logs __write 51 登录成功！
2017-12-13 21:58:54,100 登录成功！ 30 WARNING E:\Python\Python\模块二\homework\ATMofCart\module\Logs.py Logs.py Logs __write 52 登录成功！
2017-12-13 21:58:54,100 登录成功！ 40 ERROR E:\Python\Python\模块二\homework\ATMofCart\module\Logs.py Logs.py Logs __write 53 登录成功！
2017-12-13 21:58:54,100 登录成功！ 20 INFO E:\Python\Python\模块二\homework\ATMofCart\module\Logs.py Logs.py Logs __write 55 登录成功！
2017-12-13 22:51:08,771 登录成功！ 50 CRITICAL E:\Python\Python\模块二\homework\ATMofCart\module\Logs.py Logs.py Logs __write 51 登录成功！
2017-12-13 22:51:08,771 登录成功！ 30 WARNING E:\Python\Python\模块二\homework\ATMofCart\module\Logs.py Logs.py Logs __write 52 登录成功！
2017-12-13 22:51:08,772 登录成功！ 40 ERROR E:\Python\Python\模块二\homework\ATMofCart\module\Logs.py Logs.py Logs __write 53 登录成功！
2017-12-13 22:51:08,772 登录成功！ 20 INFO E:\Python\Python\模块二\homework\ATMofCart\module\Logs.py Logs.py Logs __write 55 登录成功！
2017-12-14 16:12:32,870 登录成功！ 50 CRITICAL E:\Python\Python\模块二\homework\ATMofCart\module\Logs.py Logs.py Logs __write 51 登录成功！
2017-12-14 16:12:32,873 登录成功！ 30 WARNING E:\Python\Python\模块二\homework\ATMofCart\module\Logs.py Logs.py Logs __write 52 登录成功！
2017-12-14 16:12:32,873 登录成功！ 40 ERROR E:\Python\Python\模块二\homework\ATMofCart\module\Logs.py Logs.py Logs __write 53 登录成功！
2017-12-14 16:12:32,873 登录成功！ 20 INFO E:\Python\Python\模块二\homework\ATMofCart\module\Logs.py Logs.py Logs __write 55 登录成功！
2017-12-14 16:59:53,759 登录成功！ 50 CRITICAL E:\Python\Python\模块二\homework\ATMofCart\module\Logs.py Logs.py Logs __write 51 登录成功！
2017-12-14 16:59:53,760 登录成功！ 30 WARNING E:\Python\Python\模块二\homework\ATMofCart\module\Logs.py Logs.py Logs __write 52 登录成功！
2017-12-14 16:59:53,760 登录成功！ 40 ERROR E:\Python\Python\模块二\homework\ATMofCart\module\Logs.py Logs.py Logs __write 53 登录成功！
2017-12-14 16:59:53,760 登录成功！ 20 INFO E:\Python\Python\模块二\homework\ATMofCart\module\Logs.py Logs.py Logs __write 55 登录成功！
2017-12-14 17:01:26,793 登录成功！ 50 CRITICAL E:\Python\Python\模块二\homework\ATMofCart\module\Logs.py Logs.py Logs __write 51 登录成功！
2017-12-14 17:01:26,793 登录成功！ 30 WARNING E:\Python\Python\模块二\homework\ATMofCart\module\Logs.py Logs.py Logs __write 52 登录成功！
2017-12-14 17:01:26,793 登录成功！ 40 ERROR E:\Python\Python\模块二\homework\ATMofCart\module\Logs.py Logs.py Logs __write 53 登录成功！
2017-12-14 17:01:26,793 登录成功！ 20 INFO E:\Python\Python\模块二\homework\ATMofCart\module\Logs.py Logs.py Logs __write 55 登录成功！
2017-12-14 17:02:53,184 登录成功！ 50 CRITICAL E:\Python\Python\模块二\homework\ATMofCart\module\Logs.py Logs.py Logs __write 51 登录成功！
2017-12-14 17:02:53,184 登录成功！ 30 WARNING E:\Python\Python\模块二\homework\ATMofCart\module\Logs.py Logs.py Logs __write 52 登录成功！
2017-12-14 17:02:53,184 登录成功！ 40 ERROR E:\Python\Python\模块二\homework\ATMofCart\module\Logs.py Logs.py Logs __write 53 登录成功！
2017-12-14 17:02:53,184 登录成功！ 20 INFO E:\Python\Python\模块二\homework\ATMofCart\module\Logs.py Logs.py Logs __write 55 登录成功！
2017-12-14 18:42:32,490 登录成功！ 50 CRITICAL E:\Python\Python\模块二\homework\ATMofCart\module\Logs.py Logs.py Logs __write 51 登录成功！
2017-12-14 18:42:32,490 登录成功！ 30 WARNING E:\Python\Python\模块二\homework\ATMofCart\module\Logs.py Logs.py Logs __write 52 登录成功！
2017-12-14 18:42:32,490 登录成功！ 40 ERROR E:\Python\Python\模块二\homework\ATMofCart\module\Logs.py Logs.py Logs __write 53 登录成功！
2017-12-14 18:42:32,490 登录成功！ 20 INFO E:\Python\Python\模块二\homework\ATMofCart\module\Logs.py Logs.py Logs __write 55 登录成功！
2017-12-14 19:43:41,515 登录成功！ 50 CRITICAL E:\Python\Python\模块二\homework\ATMofCart\module\Logs.py Logs.py Logs __write 51 登录成功！
2017-12-14 19:43:41,515 登录成功！ 30 WARNING E:\Python\Python\模块二\homework\ATMofCart\module\Logs.py Logs.py Logs __write 52 登录成功！
2017-12-14 19:43:41,516 登录成功！ 40 ERROR E:\Python\Python\模块二\homework\ATMofCart\module\Logs.py Logs.py Logs __write 53 登录成功！
2017-12-14 19:43:41,516 登录成功！ 20 INFO E:\Python\Python\模块二\homework\ATMofCart\module\Logs.py Logs.py Logs __write 55 登录成功！
2017-12-14 20:45:44,421 登录成功！ 50 CRITICAL E:\Python\Python\模块二\homework\ATMofCart\module\Logs.py Logs.py Logs __write 51 登录成功！
2017-12-14 20:45:44,421 登录成功！ 30 WARNING E:\Python\Python\模块二\homework\ATMofCart\module\Logs.py Logs.py Logs __write 52 登录成功！
2017-12-14 20:45:44,422 登录成功！ 40 ERROR E:\Python\Python\模块二\homework\ATMofCart\module\Logs.py Logs.py Logs __write 53 登录成功！
2017-12-14 20:45:44,422 登录成功！ 20 INFO E:\Python\Python\模块二\homework\ATMofCart\module\Logs.py Logs.py Logs __write 55 登录成功！
